  Abra.cpp
C:\Users\prez\Documents\GitHub\API_TeamProject2\Unrailed\Unrailed\Abra.cpp(18,35): warning C4244: '=': 'int'에서 'float'(으)로 변환하면서 데이터가 손실될 수 있습니다.
C:\Users\prez\Documents\GitHub\API_TeamProject2\Unrailed\Unrailed\Abra.cpp(19,36): warning C4244: '=': 'int'에서 'float'(으)로 변환하면서 데이터가 손실될 수 있습니다.
C:\Users\prez\Documents\GitHub\API_TeamProject2\Unrailed\Unrailed\Abra.cpp(20,41): warning C4244: '인수': 'float'에서 'int'(으)로 변환하면서 데이터가 손실될 수 있습니다.
C:\Users\prez\Documents\GitHub\API_TeamProject2\Unrailed\Unrailed\Abra.cpp(20,33): warning C4244: '인수': 'float'에서 'int'(으)로 변환하면서 데이터가 손실될 수 있습니다.
C:\Users\prez\Documents\GitHub\API_TeamProject2\Unrailed\Unrailed\Abra.cpp(20,29): warning C4244: '인수': 'float'에서 'int'(으)로 변환하면서 데이터가 손실될 수 있습니다.
C:\Users\prez\Documents\GitHub\API_TeamProject2\Unrailed\Unrailed\Abra.cpp(20,25): warning C4244: '인수': 'float'에서 'int'(으)로 변환하면서 데이터가 손실될 수 있습니다.
C:\Users\prez\Documents\GitHub\API_TeamProject2\Unrailed\Unrailed\Abra.cpp(121,118): warning C4244: '인수': 'float'에서 'int'(으)로 변환하면서 데이터가 손실될 수 있습니다.
C:\Users\prez\Documents\GitHub\API_TeamProject2\Unrailed\Unrailed\Abra.cpp(121,110): warning C4244: '인수': 'float'에서 'int'(으)로 변환하면서 데이터가 손실될 수 있습니다.
C:\Users\prez\Documents\GitHub\API_TeamProject2\Unrailed\Unrailed\Abra.cpp(121,36): warning C4244: '인수': 'float'에서 'int'(으)로 변환하면서 데이터가 손실될 수 있습니다.
C:\Users\prez\Documents\GitHub\API_TeamProject2\Unrailed\Unrailed\Abra.cpp(121,32): warning C4244: '인수': 'float'에서 'int'(으)로 변환하면서 데이터가 손실될 수 있습니다.
  Voltorb.cpp
C:\Users\prez\Documents\GitHub\API_TeamProject2\Unrailed\Unrailed\Voltorb.cpp(18,35): warning C4244: '=': 'int'에서 'float'(으)로 변환하면서 데이터가 손실될 수 있습니다.
C:\Users\prez\Documents\GitHub\API_TeamProject2\Unrailed\Unrailed\Voltorb.cpp(19,36): warning C4244: '=': 'int'에서 'float'(으)로 변환하면서 데이터가 손실될 수 있습니다.
C:\Users\prez\Documents\GitHub\API_TeamProject2\Unrailed\Unrailed\Voltorb.cpp(20,41): warning C4244: '인수': 'float'에서 'int'(으)로 변환하면서 데이터가 손실될 수 있습니다.
C:\Users\prez\Documents\GitHub\API_TeamProject2\Unrailed\Unrailed\Voltorb.cpp(20,33): warning C4244: '인수': 'float'에서 'int'(으)로 변환하면서 데이터가 손실될 수 있습니다.
C:\Users\prez\Documents\GitHub\API_TeamProject2\Unrailed\Unrailed\Voltorb.cpp(20,29): warning C4244: '인수': 'float'에서 'int'(으)로 변환하면서 데이터가 손실될 수 있습니다.
C:\Users\prez\Documents\GitHub\API_TeamProject2\Unrailed\Unrailed\Voltorb.cpp(20,25): warning C4244: '인수': 'float'에서 'int'(으)로 변환하면서 데이터가 손실될 수 있습니다.
C:\Users\prez\Documents\GitHub\API_TeamProject2\Unrailed\Unrailed\Voltorb.cpp(91,118): warning C4244: '인수': 'float'에서 'int'(으)로 변환하면서 데이터가 손실될 수 있습니다.
C:\Users\prez\Documents\GitHub\API_TeamProject2\Unrailed\Unrailed\Voltorb.cpp(91,110): warning C4244: '인수': 'float'에서 'int'(으)로 변환하면서 데이터가 손실될 수 있습니다.
C:\Users\prez\Documents\GitHub\API_TeamProject2\Unrailed\Unrailed\Voltorb.cpp(91,36): warning C4244: '인수': 'float'에서 'int'(으)로 변환하면서 데이터가 손실될 수 있습니다.
C:\Users\prez\Documents\GitHub\API_TeamProject2\Unrailed\Unrailed\Voltorb.cpp(91,32): warning C4244: '인수': 'float'에서 'int'(으)로 변환하면서 데이터가 손실될 수 있습니다.
  코드를 생성하고 있습니다...
  Unrailed.vcxproj -> C:\Users\prez\Documents\GitHub\API_TeamProject2\Unrailed\Debug\Unrailed.exe
